[ 2017-01-23T09:06:50+08:00 ] 127.0.0.1 /myHub/thinkphp-article/
INFO: [ app_init ] --START--
INFO: Run Behavior\BuildLiteBehavior [ RunTime:0.000077s ]
INFO: [ app_init ] --END-- [ RunTime:0.014473s ]
INFO: [ app_begin ] --START--
INFO: Run Behavior\ReadHtmlCacheBehavior [ RunTime:0.011262s ]
INFO: [ app_begin ] --END-- [ RunTime:0.011646s ]

[ 2017-01-23T09:06:50+08:00 ] 127.0.0.1 /myHub/thinkphp-article/index.php/Home/Story/index.html
INFO: [ app_init ] --START--
INFO: Run Behavior\BuildLiteBehavior [ RunTime:0.000069s ]
INFO: [ app_init ] --END-- [ RunTime:0.001229s ]
INFO: [ app_begin ] --START--
INFO: Run Behavior\ReadHtmlCacheBehavior [ RunTime:0.001889s ]
INFO: [ app_begin ] --END-- [ RunTime:0.002225s ]
SQL: SHOW COLUMNS FROM `ipass_storybanner` [ RunTime:0.0355s ]
SQL: SELECT * FROM `ipass_storybanner`  [ RunTime:0.0008s ]
SQL: SHOW COLUMNS FROM `ipass_story` [ RunTime:0.0312s ]
SQL: SELECT * FROM `ipass_story` WHERE ( type=1 ) ORDER BY time desc  [ RunTime:0.0139s ]
INFO: [ view_parse ] --START--
INFO: [ template_filter ] --START--
INFO: Run Behavior\ContentReplaceBehavior [ RunTime:0.000270s ]
INFO: [ template_filter ] --END-- [ RunTime:0.000626s ]
NOTIC: [8] Use of undefined constant img - assumed 'img' C:\wamp\www\myHub\thinkphp-article\Runtime\Cache\Home\771ca0a586f40a15f5097c713fbc62d8.php 第 111 行.
NOTIC: [8] Use of undefined constant intro - assumed 'intro' C:\wamp\www\myHub\thinkphp-article\Runtime\Cache\Home\771ca0a586f40a15f5097c713fbc62d8.php 第 113 行.
NOTIC: [8] Use of undefined constant img - assumed 'img' C:\wamp\www\myHub\thinkphp-article\Runtime\Cache\Home\771ca0a586f40a15f5097c713fbc62d8.php 第 116 行.
NOTIC: [8] Use of undefined constant intro - assumed 'intro' C:\wamp\www\myHub\thinkphp-article\Runtime\Cache\Home\771ca0a586f40a15f5097c713fbc62d8.php 第 118 行.
NOTIC: [8] Use of undefined constant img - assumed 'img' C:\wamp\www\myHub\thinkphp-article\Runtime\Cache\Home\771ca0a586f40a15f5097c713fbc62d8.php 第 121 行.
NOTIC: [8] Use of undefined constant intro - assumed 'intro' C:\wamp\www\myHub\thinkphp-article\Runtime\Cache\Home\771ca0a586f40a15f5097c713fbc62d8.php 第 123 行.
INFO: Run Behavior\ParseTemplateBehavior [ RunTime:0.185048s ]
INFO: [ view_parse ] --END-- [ RunTime:0.185386s ]
INFO: [ view_filter ] --START--
INFO: Run Behavior\WriteHtmlCacheBehavior [ RunTime:0.019480s ]
INFO: [ view_filter ] --END-- [ RunTime:0.019831s ]
INFO: [ app_end ] --START--
INFO: Run Behavior\ShowPageTraceBehavior [ RunTime:0.024349s ]
INFO: [ app_end ] --END-- [ RunTime:0.024686s ]

[ 2017-01-23T09:06:57+08:00 ] 127.0.0.1 /myHub/thinkphp-article/index.php/Home/admin/index.html
INFO: [ app_init ] --START--
INFO: Run Behavior\BuildLiteBehavior [ RunTime:0.000041s ]
INFO: [ app_init ] --END-- [ RunTime:0.000748s ]
INFO: [ app_begin ] --START--
INFO: Run Behavior\ReadHtmlCacheBehavior [ RunTime:0.001121s ]
INFO: [ app_begin ] --END-- [ RunTime:0.001312s ]

[ 2017-01-23T09:06:57+08:00 ] 127.0.0.1 /myHub/thinkphp-article/index.php/Home/Admin/login.html
INFO: [ app_init ] --START--
INFO: Run Behavior\BuildLiteBehavior [ RunTime:0.000073s ]
INFO: [ app_init ] --END-- [ RunTime:0.001398s ]
INFO: [ app_begin ] --START--
INFO: Run Behavior\ReadHtmlCacheBehavior [ RunTime:0.001915s ]
INFO: [ app_begin ] --END-- [ RunTime:0.002255s ]
INFO: [ view_parse ] --START--
INFO: [ template_filter ] --START--
INFO: Run Behavior\ContentReplaceBehavior [ RunTime:0.000129s ]
INFO: [ template_filter ] --END-- [ RunTime:0.000355s ]
INFO: Run Behavior\ParseTemplateBehavior [ RunTime:0.051419s ]
INFO: [ view_parse ] --END-- [ RunTime:0.051734s ]
INFO: [ view_filter ] --START--
INFO: Run Behavior\WriteHtmlCacheBehavior [ RunTime:0.000835s ]
INFO: [ view_filter ] --END-- [ RunTime:0.001077s ]
INFO: [ app_end ] --START--
INFO: Run Behavior\ShowPageTraceBehavior [ RunTime:0.001120s ]
INFO: [ app_end ] --END-- [ RunTime:0.001327s ]

[ 2017-01-23T09:07:05+08:00 ] 127.0.0.1 /myHub/thinkphp-article/index.php/Home/Admin/login.html
INFO: [ app_init ] --START--
INFO: Run Behavior\BuildLiteBehavior [ RunTime:0.000045s ]
INFO: [ app_init ] --END-- [ RunTime:0.000735s ]
INFO: [ app_begin ] --START--
INFO: Run Behavior\ReadHtmlCacheBehavior [ RunTime:0.001064s ]
INFO: [ app_begin ] --END-- [ RunTime:0.001263s ]

[ 2017-01-23T09:07:05+08:00 ] 127.0.0.1 /myHub/thinkphp-article/index.php/Home/Admin/index.html
INFO: [ app_init ] --START--
INFO: Run Behavior\BuildLiteBehavior [ RunTime:0.000042s ]
INFO: [ app_init ] --END-- [ RunTime:0.000725s ]
INFO: [ app_begin ] --START--
INFO: Run Behavior\ReadHtmlCacheBehavior [ RunTime:0.001030s ]
INFO: [ app_begin ] --END-- [ RunTime:0.001223s ]
SQL: SHOW COLUMNS FROM `ipass_storybanner` [ RunTime:0.0038s ]
SQL: SELECT * FROM `ipass_storybanner`  [ RunTime:0.0005s ]
SQL: SHOW COLUMNS FROM `ipass_story` [ RunTime:0.0040s ]
SQL: SELECT * FROM `ipass_story` WHERE ( type=1 )  [ RunTime:0.0005s ]
INFO: [ view_parse ] --START--
INFO: [ template_filter ] --START--
INFO: Run Behavior\ContentReplaceBehavior [ RunTime:0.000143s ]
INFO: [ template_filter ] --END-- [ RunTime:0.000352s ]
INFO: Run Behavior\ParseTemplateBehavior [ RunTime:0.035318s ]
INFO: [ view_parse ] --END-- [ RunTime:0.035544s ]
INFO: [ view_filter ] --START--
INFO: Run Behavior\WriteHtmlCacheBehavior [ RunTime:0.000754s ]
INFO: [ view_filter ] --END-- [ RunTime:0.000943s ]
INFO: [ app_end ] --START--
INFO: Run Behavior\ShowPageTraceBehavior [ RunTime:0.001059s ]
INFO: [ app_end ] --END-- [ RunTime:0.001249s ]

[ 2017-01-23T09:07:06+08:00 ] 127.0.0.1 /myHub/thinkphp-article/index.php/Home/Admin/updbanner/id/1.html
INFO: [ app_init ] --START--
INFO: Run Behavior\BuildLiteBehavior [ RunTime:0.000051s ]
INFO: [ app_init ] --END-- [ RunTime:0.000889s ]
INFO: [ app_begin ] --START--
INFO: Run Behavior\ReadHtmlCacheBehavior [ RunTime:0.002414s ]
INFO: [ app_begin ] --END-- [ RunTime:0.003118s ]
SQL: SHOW COLUMNS FROM `ipass_storybanner` [ RunTime:0.0100s ]
SQL: SELECT * FROM `ipass_storybanner` WHERE ( id="1" )  [ RunTime:0.0005s ]
INFO: [ view_parse ] --START--
INFO: [ template_filter ] --START--
INFO: Run Behavior\ContentReplaceBehavior [ RunTime:0.000141s ]
INFO: [ template_filter ] --END-- [ RunTime:0.000358s ]
NOTIC: [8] Use of undefined constant id - assumed 'id' C:\wamp\www\myHub\thinkphp-article\Runtime\Cache\Home\703765cbb0da4be40ff8e31d9536badc.php 第 134 行.
NOTIC: [8] Use of undefined constant img - assumed 'img' C:\wamp\www\myHub\thinkphp-article\Runtime\Cache\Home\703765cbb0da4be40ff8e31d9536badc.php 第 136 行.
NOTIC: [8] Use of undefined constant intro - assumed 'intro' C:\wamp\www\myHub\thinkphp-article\Runtime\Cache\Home\703765cbb0da4be40ff8e31d9536badc.php 第 140 行.
INFO: Run Behavior\ParseTemplateBehavior [ RunTime:0.033845s ]
INFO: [ view_parse ] --END-- [ RunTime:0.034051s ]
INFO: [ view_filter ] --START--
INFO: Run Behavior\WriteHtmlCacheBehavior [ RunTime:0.000680s ]
INFO: [ view_filter ] --END-- [ RunTime:0.000867s ]
INFO: [ app_end ] --START--
INFO: Run Behavior\ShowPageTraceBehavior [ RunTime:0.001106s ]
INFO: [ app_end ] --END-- [ RunTime:0.001296s ]

[ 2017-01-23T09:07:10+08:00 ] 127.0.0.1 /myHub/thinkphp-article/index.php/Home/Admin/updbanner/id/1.html
INFO: [ app_init ] --START--
INFO: Run Behavior\BuildLiteBehavior [ RunTime:0.000044s ]
INFO: [ app_init ] --END-- [ RunTime:0.000728s ]
INFO: [ app_begin ] --START--
INFO: Run Behavior\ReadHtmlCacheBehavior [ RunTime:0.001051s ]
INFO: [ app_begin ] --END-- [ RunTime:0.001246s ]
SQL: SHOW COLUMNS FROM `ipass_storybanner` [ RunTime:0.0043s ]
SQL: SELECT * FROM `ipass_storybanner` WHERE ( id="1" )  [ RunTime:0.0005s ]
INFO: [ view_parse ] --START--
INFO: [ template_filter ] --START--
INFO: Run Behavior\ContentReplaceBehavior [ RunTime:0.000141s ]
INFO: [ template_filter ] --END-- [ RunTime:0.000352s ]
NOTIC: [8] Use of undefined constant id - assumed 'id' C:\wamp\www\myHub\thinkphp-article\Runtime\Cache\Home\703765cbb0da4be40ff8e31d9536badc.php 第 134 行.
NOTIC: [8] Use of undefined constant img - assumed 'img' C:\wamp\www\myHub\thinkphp-article\Runtime\Cache\Home\703765cbb0da4be40ff8e31d9536badc.php 第 136 行.
NOTIC: [8] Use of undefined constant intro - assumed 'intro' C:\wamp\www\myHub\thinkphp-article\Runtime\Cache\Home\703765cbb0da4be40ff8e31d9536badc.php 第 140 行.
INFO: Run Behavior\ParseTemplateBehavior [ RunTime:0.018862s ]
INFO: [ view_parse ] --END-- [ RunTime:0.019070s ]
INFO: [ view_filter ] --START--
INFO: Run Behavior\WriteHtmlCacheBehavior [ RunTime:0.000939s ]
INFO: [ view_filter ] --END-- [ RunTime:0.001152s ]
INFO: [ app_end ] --START--
INFO: Run Behavior\ShowPageTraceBehavior [ RunTime:0.001195s ]
INFO: [ app_end ] --END-- [ RunTime:0.001384s ]

