[ 2017-01-21T13:24:00+08:00 ] 127.0.0.1 /myHub/thinkphp-article/
INFO: [ app_init ] --START--
INFO: Run Behavior\BuildLiteBehavior [ RunTime:0.000080s ]
INFO: [ app_init ] --END-- [ RunTime:0.010910s ]
INFO: [ app_begin ] --START--
INFO: Run Behavior\ReadHtmlCacheBehavior [ RunTime:0.011662s ]
INFO: [ app_begin ] --END-- [ RunTime:0.012113s ]

[ 2017-01-21T13:24:01+08:00 ] 127.0.0.1 /myHub/thinkphp-article/index.php/Home/Story/index.html
INFO: [ app_init ] --START--
INFO: Run Behavior\BuildLiteBehavior [ RunTime:0.000077s ]
INFO: [ app_init ] --END-- [ RunTime:0.000779s ]
INFO: [ app_begin ] --START--
INFO: Run Behavior\ReadHtmlCacheBehavior [ RunTime:0.001341s ]
INFO: [ app_begin ] --END-- [ RunTime:0.001564s ]
SQL: SHOW COLUMNS FROM `ipass_storybanner` [ RunTime:0.0291s ]
SQL: SELECT * FROM `ipass_storybanner`  [ RunTime:0.0006s ]
SQL: SHOW COLUMNS FROM `ipass_story` [ RunTime:0.0318s ]
SQL: SELECT * FROM `ipass_story` WHERE ( type=1 ) ORDER BY time desc  [ RunTime:0.0007s ]
INFO: [ view_parse ] --START--
INFO: [ template_filter ] --START--
INFO: Run Behavior\ContentReplaceBehavior [ RunTime:0.000240s ]
INFO: [ template_filter ] --END-- [ RunTime:0.000526s ]
NOTIC: [8] Use of undefined constant img - assumed 'img' C:\wamp\www\myHub\thinkphp-article\Runtime\Cache\Home\771ca0a586f40a15f5097c713fbc62d8.php 第 111 行.
NOTIC: [8] Use of undefined constant intro - assumed 'intro' C:\wamp\www\myHub\thinkphp-article\Runtime\Cache\Home\771ca0a586f40a15f5097c713fbc62d8.php 第 113 行.
NOTIC: [8] Use of undefined constant img - assumed 'img' C:\wamp\www\myHub\thinkphp-article\Runtime\Cache\Home\771ca0a586f40a15f5097c713fbc62d8.php 第 116 行.
NOTIC: [8] Use of undefined constant intro - assumed 'intro' C:\wamp\www\myHub\thinkphp-article\Runtime\Cache\Home\771ca0a586f40a15f5097c713fbc62d8.php 第 118 行.
NOTIC: [8] Use of undefined constant img - assumed 'img' C:\wamp\www\myHub\thinkphp-article\Runtime\Cache\Home\771ca0a586f40a15f5097c713fbc62d8.php 第 121 行.
NOTIC: [8] Use of undefined constant intro - assumed 'intro' C:\wamp\www\myHub\thinkphp-article\Runtime\Cache\Home\771ca0a586f40a15f5097c713fbc62d8.php 第 123 行.
INFO: Run Behavior\ParseTemplateBehavior [ RunTime:0.166729s ]
INFO: [ view_parse ] --END-- [ RunTime:0.167054s ]
INFO: [ view_filter ] --START--
INFO: Run Behavior\WriteHtmlCacheBehavior [ RunTime:0.019947s ]
INFO: [ view_filter ] --END-- [ RunTime:0.020226s ]
INFO: [ app_end ] --START--
INFO: Run Behavior\ShowPageTraceBehavior [ RunTime:0.024316s ]
INFO: [ app_end ] --END-- [ RunTime:0.024598s ]

[ 2017-01-21T13:24:05+08:00 ] 127.0.0.1 /myHub/thinkphp-article/index.php/Home/Story/index.html
INFO: [ app_init ] --START--
INFO: Run Behavior\BuildLiteBehavior [ RunTime:0.000046s ]
INFO: [ app_init ] --END-- [ RunTime:0.001103s ]
INFO: [ app_begin ] --START--
INFO: Run Behavior\ReadHtmlCacheBehavior [ RunTime:0.001434s ]
INFO: [ app_begin ] --END-- [ RunTime:0.001637s ]
SQL: SHOW COLUMNS FROM `ipass_storybanner` [ RunTime:0.0040s ]
SQL: SELECT * FROM `ipass_storybanner`  [ RunTime:0.0005s ]
SQL: SHOW COLUMNS FROM `ipass_story` [ RunTime:0.0039s ]
SQL: SELECT * FROM `ipass_story` WHERE ( type=1 ) ORDER BY time desc  [ RunTime:0.0005s ]
INFO: [ view_parse ] --START--
INFO: [ template_filter ] --START--
INFO: Run Behavior\ContentReplaceBehavior [ RunTime:0.000164s ]
INFO: [ template_filter ] --END-- [ RunTime:0.000376s ]
NOTIC: [8] Use of undefined constant img - assumed 'img' C:\wamp\www\myHub\thinkphp-article\Runtime\Cache\Home\771ca0a586f40a15f5097c713fbc62d8.php 第 111 行.
NOTIC: [8] Use of undefined constant intro - assumed 'intro' C:\wamp\www\myHub\thinkphp-article\Runtime\Cache\Home\771ca0a586f40a15f5097c713fbc62d8.php 第 113 行.
NOTIC: [8] Use of undefined constant img - assumed 'img' C:\wamp\www\myHub\thinkphp-article\Runtime\Cache\Home\771ca0a586f40a15f5097c713fbc62d8.php 第 116 行.
NOTIC: [8] Use of undefined constant intro - assumed 'intro' C:\wamp\www\myHub\thinkphp-article\Runtime\Cache\Home\771ca0a586f40a15f5097c713fbc62d8.php 第 118 行.
NOTIC: [8] Use of undefined constant img - assumed 'img' C:\wamp\www\myHub\thinkphp-article\Runtime\Cache\Home\771ca0a586f40a15f5097c713fbc62d8.php 第 121 行.
NOTIC: [8] Use of undefined constant intro - assumed 'intro' C:\wamp\www\myHub\thinkphp-article\Runtime\Cache\Home\771ca0a586f40a15f5097c713fbc62d8.php 第 123 行.
INFO: Run Behavior\ParseTemplateBehavior [ RunTime:0.026132s ]
INFO: [ view_parse ] --END-- [ RunTime:0.026333s ]
INFO: [ view_filter ] --START--
INFO: Run Behavior\WriteHtmlCacheBehavior [ RunTime:0.000797s ]
INFO: [ view_filter ] --END-- [ RunTime:0.000970s ]
INFO: [ app_end ] --START--
INFO: Run Behavior\ShowPageTraceBehavior [ RunTime:0.001130s ]
INFO: [ app_end ] --END-- [ RunTime:0.001312s ]

[ 2017-01-21T13:24:08+08:00 ] 127.0.0.1 /myHub/thinkphp-article/index.php/Home/Story/qzql.html
INFO: [ app_init ] --START--
INFO: Run Behavior\BuildLiteBehavior [ RunTime:0.000041s ]
INFO: [ app_init ] --END-- [ RunTime:0.000723s ]
INFO: [ app_begin ] --START--
INFO: Run Behavior\ReadHtmlCacheBehavior [ RunTime:0.001277s ]
INFO: [ app_begin ] --END-- [ RunTime:0.001521s ]
SQL: SHOW COLUMNS FROM `ipass_storybanner` [ RunTime:0.0047s ]
SQL: SELECT * FROM `ipass_storybanner`  [ RunTime:0.0005s ]
SQL: SHOW COLUMNS FROM `ipass_story` [ RunTime:0.0041s ]
SQL: SELECT * FROM `ipass_story` WHERE ( type=2 ) ORDER BY time desc  [ RunTime:0.0005s ]
INFO: [ view_parse ] --START--
INFO: [ template_filter ] --START--
INFO: Run Behavior\ContentReplaceBehavior [ RunTime:0.000163s ]
INFO: [ template_filter ] --END-- [ RunTime:0.000372s ]
NOTIC: [8] Use of undefined constant img - assumed 'img' C:\wamp\www\myHub\thinkphp-article\Runtime\Cache\Home\16b2901cb1d18ec197403bd508cbe038.php 第 111 行.
NOTIC: [8] Use of undefined constant intro - assumed 'intro' C:\wamp\www\myHub\thinkphp-article\Runtime\Cache\Home\16b2901cb1d18ec197403bd508cbe038.php 第 113 行.
NOTIC: [8] Use of undefined constant img - assumed 'img' C:\wamp\www\myHub\thinkphp-article\Runtime\Cache\Home\16b2901cb1d18ec197403bd508cbe038.php 第 116 行.
NOTIC: [8] Use of undefined constant intro - assumed 'intro' C:\wamp\www\myHub\thinkphp-article\Runtime\Cache\Home\16b2901cb1d18ec197403bd508cbe038.php 第 118 行.
NOTIC: [8] Use of undefined constant img - assumed 'img' C:\wamp\www\myHub\thinkphp-article\Runtime\Cache\Home\16b2901cb1d18ec197403bd508cbe038.php 第 121 行.
NOTIC: [8] Use of undefined constant intro - assumed 'intro' C:\wamp\www\myHub\thinkphp-article\Runtime\Cache\Home\16b2901cb1d18ec197403bd508cbe038.php 第 123 行.
INFO: Run Behavior\ParseTemplateBehavior [ RunTime:0.071188s ]
INFO: [ view_parse ] --END-- [ RunTime:0.071398s ]
INFO: [ view_filter ] --START--
INFO: Run Behavior\WriteHtmlCacheBehavior [ RunTime:0.000743s ]
INFO: [ view_filter ] --END-- [ RunTime:0.000918s ]
INFO: [ app_end ] --START--
INFO: Run Behavior\ShowPageTraceBehavior [ RunTime:0.001233s ]
INFO: [ app_end ] --END-- [ RunTime:0.001422s ]

