[ 2017-01-15T12:35:02+08:00 ] 127.0.0.1 /myHub/thinkphp-article/
INFO: [ app_init ] --START--
INFO: Run Behavior\BuildLiteBehavior [ RunTime:0.000062s ]
INFO: [ app_init ] --END-- [ RunTime:0.010361s ]
INFO: [ app_begin ] --START--
INFO: Run Behavior\ReadHtmlCacheBehavior [ RunTime:0.007064s ]
INFO: [ app_begin ] --END-- [ RunTime:0.007377s ]

[ 2017-01-15T12:35:02+08:00 ] 127.0.0.1 /myHub/thinkphp-article/index.php/Home/Story/index.html
INFO: [ app_init ] --START--
INFO: Run Behavior\BuildLiteBehavior [ RunTime:0.000044s ]
INFO: [ app_init ] --END-- [ RunTime:0.000748s ]
INFO: [ app_begin ] --START--
INFO: Run Behavior\ReadHtmlCacheBehavior [ RunTime:0.001018s ]
INFO: [ app_begin ] --END-- [ RunTime:0.001224s ]
SQL: SHOW COLUMNS FROM `ipass_storybanner` [ RunTime:0.0254s ]
SQL: SELECT * FROM `ipass_storybanner`  [ RunTime:0.0007s ]
SQL: SHOW COLUMNS FROM `ipass_story` [ RunTime:0.0426s ]
SQL: SELECT * FROM `ipass_story` WHERE ( type=1 ) ORDER BY time desc  [ RunTime:0.0012s ]
INFO: [ view_parse ] --START--
INFO: [ template_filter ] --START--
INFO: Run Behavior\ContentReplaceBehavior [ RunTime:0.000278s ]
INFO: [ template_filter ] --END-- [ RunTime:0.000633s ]
NOTIC: [8] Use of undefined constant img - assumed 'img' C:\wamp\www\myHub\thinkphp-article\Runtime\Cache\Home\771ca0a586f40a15f5097c713fbc62d8.php 第 111 行.
NOTIC: [8] Use of undefined constant intro - assumed 'intro' C:\wamp\www\myHub\thinkphp-article\Runtime\Cache\Home\771ca0a586f40a15f5097c713fbc62d8.php 第 113 行.
NOTIC: [8] Use of undefined constant img - assumed 'img' C:\wamp\www\myHub\thinkphp-article\Runtime\Cache\Home\771ca0a586f40a15f5097c713fbc62d8.php 第 116 行.
NOTIC: [8] Use of undefined constant intro - assumed 'intro' C:\wamp\www\myHub\thinkphp-article\Runtime\Cache\Home\771ca0a586f40a15f5097c713fbc62d8.php 第 118 行.
NOTIC: [8] Use of undefined constant img - assumed 'img' C:\wamp\www\myHub\thinkphp-article\Runtime\Cache\Home\771ca0a586f40a15f5097c713fbc62d8.php 第 121 行.
NOTIC: [8] Use of undefined constant intro - assumed 'intro' C:\wamp\www\myHub\thinkphp-article\Runtime\Cache\Home\771ca0a586f40a15f5097c713fbc62d8.php 第 123 行.
INFO: Run Behavior\ParseTemplateBehavior [ RunTime:0.153625s ]
INFO: [ view_parse ] --END-- [ RunTime:0.154026s ]
INFO: [ view_filter ] --START--
INFO: Run Behavior\WriteHtmlCacheBehavior [ RunTime:0.020069s ]
INFO: [ view_filter ] --END-- [ RunTime:0.020461s ]
INFO: [ app_end ] --START--
INFO: Run Behavior\ShowPageTraceBehavior [ RunTime:0.013217s ]
INFO: [ app_end ] --END-- [ RunTime:0.013558s ]

[ 2017-01-15T12:35:07+08:00 ] 127.0.0.1 /myHub/thinkphp-article/index.php/Home/Story/qzql.html
INFO: [ app_init ] --START--
INFO: Run Behavior\BuildLiteBehavior [ RunTime:0.000043s ]
INFO: [ app_init ] --END-- [ RunTime:0.000845s ]
INFO: [ app_begin ] --START--
INFO: Run Behavior\ReadHtmlCacheBehavior [ RunTime:0.001064s ]
INFO: [ app_begin ] --END-- [ RunTime:0.001269s ]
SQL: SHOW COLUMNS FROM `ipass_storybanner` [ RunTime:0.0027s ]
SQL: SELECT * FROM `ipass_storybanner`  [ RunTime:0.0004s ]
SQL: SHOW COLUMNS FROM `ipass_story` [ RunTime:0.0026s ]
SQL: SELECT * FROM `ipass_story` WHERE ( type=2 ) ORDER BY time desc  [ RunTime:0.0005s ]
INFO: [ view_parse ] --START--
INFO: [ template_filter ] --START--
INFO: Run Behavior\ContentReplaceBehavior [ RunTime:0.000295s ]
INFO: [ template_filter ] --END-- [ RunTime:0.000516s ]
NOTIC: [8] Use of undefined constant img - assumed 'img' C:\wamp\www\myHub\thinkphp-article\Runtime\Cache\Home\16b2901cb1d18ec197403bd508cbe038.php 第 111 行.
NOTIC: [8] Use of undefined constant intro - assumed 'intro' C:\wamp\www\myHub\thinkphp-article\Runtime\Cache\Home\16b2901cb1d18ec197403bd508cbe038.php 第 113 行.
NOTIC: [8] Use of undefined constant img - assumed 'img' C:\wamp\www\myHub\thinkphp-article\Runtime\Cache\Home\16b2901cb1d18ec197403bd508cbe038.php 第 116 行.
NOTIC: [8] Use of undefined constant intro - assumed 'intro' C:\wamp\www\myHub\thinkphp-article\Runtime\Cache\Home\16b2901cb1d18ec197403bd508cbe038.php 第 118 行.
NOTIC: [8] Use of undefined constant img - assumed 'img' C:\wamp\www\myHub\thinkphp-article\Runtime\Cache\Home\16b2901cb1d18ec197403bd508cbe038.php 第 121 行.
NOTIC: [8] Use of undefined constant intro - assumed 'intro' C:\wamp\www\myHub\thinkphp-article\Runtime\Cache\Home\16b2901cb1d18ec197403bd508cbe038.php 第 123 行.
INFO: Run Behavior\ParseTemplateBehavior [ RunTime:0.123469s ]
INFO: [ view_parse ] --END-- [ RunTime:0.123820s ]
INFO: [ view_filter ] --START--
INFO: Run Behavior\WriteHtmlCacheBehavior [ RunTime:0.000722s ]
INFO: [ view_filter ] --END-- [ RunTime:0.000894s ]
INFO: [ app_end ] --START--
INFO: Run Behavior\ShowPageTraceBehavior [ RunTime:0.001045s ]
INFO: [ app_end ] --END-- [ RunTime:0.001225s ]

[ 2017-01-15T12:35:10+08:00 ] 127.0.0.1 /myHub/thinkphp-article/index.php/Home/Story/jyrd.html
INFO: [ app_init ] --START--
INFO: Run Behavior\BuildLiteBehavior [ RunTime:0.000041s ]
INFO: [ app_init ] --END-- [ RunTime:0.000721s ]
INFO: [ app_begin ] --START--
INFO: Run Behavior\ReadHtmlCacheBehavior [ RunTime:0.001062s ]
INFO: [ app_begin ] --END-- [ RunTime:0.001273s ]
SQL: SHOW COLUMNS FROM `ipass_storybanner` [ RunTime:0.0031s ]
SQL: SELECT * FROM `ipass_storybanner`  [ RunTime:0.0005s ]
SQL: SHOW COLUMNS FROM `ipass_story` [ RunTime:0.0031s ]
SQL: SELECT * FROM `ipass_story` WHERE ( type=3 ) ORDER BY time desc  [ RunTime:0.0005s ]
INFO: [ view_parse ] --START--
INFO: [ template_filter ] --START--
INFO: Run Behavior\ContentReplaceBehavior [ RunTime:0.000197s ]
INFO: [ template_filter ] --END-- [ RunTime:0.000519s ]
NOTIC: [8] Use of undefined constant img - assumed 'img' C:\wamp\www\myHub\thinkphp-article\Runtime\Cache\Home\806fc2dc0f550df8bd2c442eb67c6d26.php 第 111 行.
NOTIC: [8] Use of undefined constant intro - assumed 'intro' C:\wamp\www\myHub\thinkphp-article\Runtime\Cache\Home\806fc2dc0f550df8bd2c442eb67c6d26.php 第 113 行.
NOTIC: [8] Use of undefined constant img - assumed 'img' C:\wamp\www\myHub\thinkphp-article\Runtime\Cache\Home\806fc2dc0f550df8bd2c442eb67c6d26.php 第 116 行.
NOTIC: [8] Use of undefined constant intro - assumed 'intro' C:\wamp\www\myHub\thinkphp-article\Runtime\Cache\Home\806fc2dc0f550df8bd2c442eb67c6d26.php 第 118 行.
NOTIC: [8] Use of undefined constant img - assumed 'img' C:\wamp\www\myHub\thinkphp-article\Runtime\Cache\Home\806fc2dc0f550df8bd2c442eb67c6d26.php 第 121 行.
NOTIC: [8] Use of undefined constant intro - assumed 'intro' C:\wamp\www\myHub\thinkphp-article\Runtime\Cache\Home\806fc2dc0f550df8bd2c442eb67c6d26.php 第 123 行.
INFO: Run Behavior\ParseTemplateBehavior [ RunTime:0.025038s ]
INFO: [ view_parse ] --END-- [ RunTime:0.025237s ]
INFO: [ view_filter ] --START--
INFO: Run Behavior\WriteHtmlCacheBehavior [ RunTime:0.000760s ]
INFO: [ view_filter ] --END-- [ RunTime:0.001114s ]
INFO: [ app_end ] --START--
INFO: Run Behavior\ShowPageTraceBehavior [ RunTime:0.001073s ]
INFO: [ app_end ] --END-- [ RunTime:0.001257s ]

[ 2017-01-15T12:35:14+08:00 ] 127.0.0.1 /myHub/thinkphp-article/index.php/Home/Story/qzql.html
INFO: [ app_init ] --START--
INFO: Run Behavior\BuildLiteBehavior [ RunTime:0.000049s ]
INFO: [ app_init ] --END-- [ RunTime:0.001404s ]
INFO: [ app_begin ] --START--
INFO: Run Behavior\ReadHtmlCacheBehavior [ RunTime:0.001009s ]
INFO: [ app_begin ] --END-- [ RunTime:0.001217s ]
SQL: SHOW COLUMNS FROM `ipass_storybanner` [ RunTime:0.0027s ]
SQL: SELECT * FROM `ipass_storybanner`  [ RunTime:0.0007s ]
SQL: SHOW COLUMNS FROM `ipass_story` [ RunTime:0.0038s ]
SQL: SELECT * FROM `ipass_story` WHERE ( type=2 ) ORDER BY time desc  [ RunTime:0.0005s ]
INFO: [ view_parse ] --START--
INFO: [ template_filter ] --START--
INFO: Run Behavior\ContentReplaceBehavior [ RunTime:0.000158s ]
INFO: [ template_filter ] --END-- [ RunTime:0.000362s ]
NOTIC: [8] Use of undefined constant img - assumed 'img' C:\wamp\www\myHub\thinkphp-article\Runtime\Cache\Home\16b2901cb1d18ec197403bd508cbe038.php 第 111 行.
NOTIC: [8] Use of undefined constant intro - assumed 'intro' C:\wamp\www\myHub\thinkphp-article\Runtime\Cache\Home\16b2901cb1d18ec197403bd508cbe038.php 第 113 行.
NOTIC: [8] Use of undefined constant img - assumed 'img' C:\wamp\www\myHub\thinkphp-article\Runtime\Cache\Home\16b2901cb1d18ec197403bd508cbe038.php 第 116 行.
NOTIC: [8] Use of undefined constant intro - assumed 'intro' C:\wamp\www\myHub\thinkphp-article\Runtime\Cache\Home\16b2901cb1d18ec197403bd508cbe038.php 第 118 行.
NOTIC: [8] Use of undefined constant img - assumed 'img' C:\wamp\www\myHub\thinkphp-article\Runtime\Cache\Home\16b2901cb1d18ec197403bd508cbe038.php 第 121 行.
NOTIC: [8] Use of undefined constant intro - assumed 'intro' C:\wamp\www\myHub\thinkphp-article\Runtime\Cache\Home\16b2901cb1d18ec197403bd508cbe038.php 第 123 行.
INFO: Run Behavior\ParseTemplateBehavior [ RunTime:0.024623s ]
INFO: [ view_parse ] --END-- [ RunTime:0.024822s ]
INFO: [ view_filter ] --START--
INFO: Run Behavior\WriteHtmlCacheBehavior [ RunTime:0.000677s ]
INFO: [ view_filter ] --END-- [ RunTime:0.000847s ]
INFO: [ app_end ] --START--
INFO: Run Behavior\ShowPageTraceBehavior [ RunTime:0.001614s ]
INFO: [ app_end ] --END-- [ RunTime:0.001813s ]

[ 2017-01-15T12:35:17+08:00 ] 127.0.0.1 /myHub/thinkphp-article/index.php/Home/Story/index.html
INFO: [ app_init ] --START--
INFO: Run Behavior\BuildLiteBehavior [ RunTime:0.000044s ]
INFO: [ app_init ] --END-- [ RunTime:0.000758s ]
INFO: [ app_begin ] --START--
INFO: Run Behavior\ReadHtmlCacheBehavior [ RunTime:0.001137s ]
INFO: [ app_begin ] --END-- [ RunTime:0.001383s ]
SQL: SHOW COLUMNS FROM `ipass_storybanner` [ RunTime:0.0028s ]
SQL: SELECT * FROM `ipass_storybanner`  [ RunTime:0.0011s ]
SQL: SHOW COLUMNS FROM `ipass_story` [ RunTime:0.0053s ]
SQL: SELECT * FROM `ipass_story` WHERE ( type=1 ) ORDER BY time desc  [ RunTime:0.0007s ]
INFO: [ view_parse ] --START--
INFO: [ template_filter ] --START--
INFO: Run Behavior\ContentReplaceBehavior [ RunTime:0.000157s ]
INFO: [ template_filter ] --END-- [ RunTime:0.000355s ]
NOTIC: [8] Use of undefined constant img - assumed 'img' C:\wamp\www\myHub\thinkphp-article\Runtime\Cache\Home\771ca0a586f40a15f5097c713fbc62d8.php 第 111 行.
NOTIC: [8] Use of undefined constant intro - assumed 'intro' C:\wamp\www\myHub\thinkphp-article\Runtime\Cache\Home\771ca0a586f40a15f5097c713fbc62d8.php 第 113 行.
NOTIC: [8] Use of undefined constant img - assumed 'img' C:\wamp\www\myHub\thinkphp-article\Runtime\Cache\Home\771ca0a586f40a15f5097c713fbc62d8.php 第 116 行.
NOTIC: [8] Use of undefined constant intro - assumed 'intro' C:\wamp\www\myHub\thinkphp-article\Runtime\Cache\Home\771ca0a586f40a15f5097c713fbc62d8.php 第 118 行.
NOTIC: [8] Use of undefined constant img - assumed 'img' C:\wamp\www\myHub\thinkphp-article\Runtime\Cache\Home\771ca0a586f40a15f5097c713fbc62d8.php 第 121 行.
NOTIC: [8] Use of undefined constant intro - assumed 'intro' C:\wamp\www\myHub\thinkphp-article\Runtime\Cache\Home\771ca0a586f40a15f5097c713fbc62d8.php 第 123 行.
INFO: Run Behavior\ParseTemplateBehavior [ RunTime:0.024114s ]
INFO: [ view_parse ] --END-- [ RunTime:0.024312s ]
INFO: [ view_filter ] --START--
INFO: Run Behavior\WriteHtmlCacheBehavior [ RunTime:0.000678s ]
INFO: [ view_filter ] --END-- [ RunTime:0.000850s ]
INFO: [ app_end ] --START--
INFO: Run Behavior\ShowPageTraceBehavior [ RunTime:0.001025s ]
INFO: [ app_end ] --END-- [ RunTime:0.001205s ]

[ 2017-01-15T12:35:18+08:00 ] 127.0.0.1 /myHub/thinkphp-article/index.php/Home/Story/readstory/id/8.html
INFO: [ app_init ] --START--
INFO: Run Behavior\BuildLiteBehavior [ RunTime:0.000044s ]
INFO: [ app_init ] --END-- [ RunTime:0.000750s ]
INFO: [ app_begin ] --START--
INFO: Run Behavior\ReadHtmlCacheBehavior [ RunTime:0.001007s ]
INFO: [ app_begin ] --END-- [ RunTime:0.001213s ]
SQL: SHOW COLUMNS FROM `ipass_story` [ RunTime:0.0027s ]
SQL: SELECT * FROM `ipass_story` WHERE ( id="8" )  [ RunTime:0.0005s ]
SQL: SHOW COLUMNS FROM `ipass_story` [ RunTime:0.0028s ]
SQL: SELECT `view` FROM `ipass_story` WHERE `id` = 8 LIMIT 1   [ RunTime:0.0004s ]
SQL: UPDATE `ipass_story` SET `view`='17' WHERE ( id="8" ) [ RunTime:0.1177s ]
INFO: [ view_parse ] --START--
INFO: [ template_filter ] --START--
INFO: Run Behavior\ContentReplaceBehavior [ RunTime:0.000171s ]
INFO: [ template_filter ] --END-- [ RunTime:0.000444s ]
NOTIC: [8] Use of undefined constant title - assumed 'title' C:\wamp\www\myHub\thinkphp-article\Runtime\Cache\Home\7d76227722b43f64f89e8882fd02e03f.php 第 52 行.
NOTIC: [8] Use of undefined constant type - assumed 'type' C:\wamp\www\myHub\thinkphp-article\Runtime\Cache\Home\7d76227722b43f64f89e8882fd02e03f.php 第 54 行.
NOTIC: [8] Use of undefined constant img - assumed 'img' C:\wamp\www\myHub\thinkphp-article\Runtime\Cache\Home\7d76227722b43f64f89e8882fd02e03f.php 第 66 行.
NOTIC: [8] Use of undefined constant img - assumed 'img' C:\wamp\www\myHub\thinkphp-article\Runtime\Cache\Home\7d76227722b43f64f89e8882fd02e03f.php 第 66 行.
NOTIC: [8] Use of undefined constant title - assumed 'title' C:\wamp\www\myHub\thinkphp-article\Runtime\Cache\Home\7d76227722b43f64f89e8882fd02e03f.php 第 74 行.
NOTIC: [8] Use of undefined constant time - assumed 'time' C:\wamp\www\myHub\thinkphp-article\Runtime\Cache\Home\7d76227722b43f64f89e8882fd02e03f.php 第 81 行.
NOTIC: [8] Use of undefined constant view - assumed 'view' C:\wamp\www\myHub\thinkphp-article\Runtime\Cache\Home\7d76227722b43f64f89e8882fd02e03f.php 第 81 行.
NOTIC: [8] Use of undefined constant intro - assumed 'intro' C:\wamp\www\myHub\thinkphp-article\Runtime\Cache\Home\7d76227722b43f64f89e8882fd02e03f.php 第 85 行.
NOTIC: [8] Use of undefined constant content - assumed 'content' C:\wamp\www\myHub\thinkphp-article\Runtime\Cache\Home\7d76227722b43f64f89e8882fd02e03f.php 第 90 行.
INFO: Run Behavior\ParseTemplateBehavior [ RunTime:0.029747s ]
INFO: [ view_parse ] --END-- [ RunTime:0.030016s ]
INFO: [ view_filter ] --START--
INFO: Run Behavior\WriteHtmlCacheBehavior [ RunTime:0.000682s ]
INFO: [ view_filter ] --END-- [ RunTime:0.000859s ]
INFO: [ app_end ] --START--
INFO: Run Behavior\ShowPageTraceBehavior [ RunTime:0.001216s ]
INFO: [ app_end ] --END-- [ RunTime:0.001420s ]

