[ 2017-02-08T15:35:37+08:00 ] 127.0.0.1 /myHub/thinkphp-Ajax/
INFO: [ app_init ] --START--
INFO: Run Behavior\BuildLiteBehavior [ RunTime:0.000046s ]
INFO: [ app_init ] --END-- [ RunTime:0.000425s ]
INFO: [ app_begin ] --START--
INFO: Run Behavior\ReadHtmlCacheBehavior [ RunTime:0.001260s ]
INFO: [ app_begin ] --END-- [ RunTime:0.001542s ]
INFO: [ view_parse ] --START--
INFO: [ template_filter ] --START--
INFO: Run Behavior\ContentReplaceBehavior [ RunTime:0.000114s ]
INFO: [ template_filter ] --END-- [ RunTime:0.000317s ]
INFO: Run Behavior\ParseTemplateBehavior [ RunTime:0.010870s ]
INFO: [ view_parse ] --END-- [ RunTime:0.011113s ]
INFO: [ view_filter ] --START--
INFO: Run Behavior\WriteHtmlCacheBehavior [ RunTime:0.000596s ]
INFO: [ view_filter ] --END-- [ RunTime:0.000781s ]
INFO: [ app_end ] --START--
INFO: Run Behavior\ShowPageTraceBehavior [ RunTime:0.000984s ]
INFO: [ app_end ] --END-- [ RunTime:0.001178s ]

[ 2017-02-08T15:41:19+08:00 ] 127.0.0.1 /myHub/thinkphp-Ajax/
INFO: [ app_init ] --START--
INFO: Run Behavior\BuildLiteBehavior [ RunTime:0.000043s ]
INFO: [ app_init ] --END-- [ RunTime:0.000763s ]
INFO: [ app_begin ] --START--
INFO: Run Behavior\ReadHtmlCacheBehavior [ RunTime:0.000962s ]
INFO: [ app_begin ] --END-- [ RunTime:0.001175s ]
INFO: [ view_parse ] --START--
INFO: [ template_filter ] --START--
INFO: Run Behavior\ContentReplaceBehavior [ RunTime:0.000123s ]
INFO: [ template_filter ] --END-- [ RunTime:0.000339s ]
INFO: Run Behavior\ParseTemplateBehavior [ RunTime:0.044742s ]
INFO: [ view_parse ] --END-- [ RunTime:0.044962s ]
INFO: [ view_filter ] --START--
INFO: Run Behavior\WriteHtmlCacheBehavior [ RunTime:0.000556s ]
INFO: [ view_filter ] --END-- [ RunTime:0.000734s ]
INFO: [ app_end ] --START--
INFO: Run Behavior\ShowPageTraceBehavior [ RunTime:0.001000s ]
INFO: [ app_end ] --END-- [ RunTime:0.001187s ]

[ 2017-02-08T16:39:58+08:00 ] 127.0.0.1 /myHub/thinkphp-Ajax/
INFO: [ app_init ] --START--
INFO: Run Behavior\BuildLiteBehavior [ RunTime:0.000041s ]
INFO: [ app_init ] --END-- [ RunTime:0.000732s ]
INFO: [ app_begin ] --START--
INFO: Run Behavior\ReadHtmlCacheBehavior [ RunTime:0.001007s ]
INFO: [ app_begin ] --END-- [ RunTime:0.001221s ]
INFO: [ view_parse ] --START--
INFO: [ template_filter ] --START--
INFO: Run Behavior\ContentReplaceBehavior [ RunTime:0.000121s ]
INFO: [ template_filter ] --END-- [ RunTime:0.000343s ]
INFO: Run Behavior\ParseTemplateBehavior [ RunTime:0.013582s ]
INFO: [ view_parse ] --END-- [ RunTime:0.013795s ]
INFO: [ view_filter ] --START--
INFO: Run Behavior\WriteHtmlCacheBehavior [ RunTime:0.001153s ]
INFO: [ view_filter ] --END-- [ RunTime:0.001342s ]
INFO: [ app_end ] --START--
INFO: Run Behavior\ShowPageTraceBehavior [ RunTime:0.001032s ]
INFO: [ app_end ] --END-- [ RunTime:0.001217s ]

[ 2017-02-08T16:39:58+08:00 ] 127.0.0.1 /myHub/thinkphp-Ajax/index.php/Home/Index/index.html
INFO: [ app_init ] --START--
INFO: Run Behavior\BuildLiteBehavior [ RunTime:0.000078s ]
INFO: [ app_init ] --END-- [ RunTime:0.000798s ]
INFO: [ app_begin ] --START--
INFO: Run Behavior\ReadHtmlCacheBehavior [ RunTime:0.000990s ]
INFO: [ app_begin ] --END-- [ RunTime:0.001187s ]
INFO: [ view_parse ] --START--
INFO: [ template_filter ] --START--
INFO: Run Behavior\ContentReplaceBehavior [ RunTime:0.000125s ]
INFO: [ template_filter ] --END-- [ RunTime:0.000312s ]
INFO: Run Behavior\ParseTemplateBehavior [ RunTime:0.014107s ]
INFO: [ view_parse ] --END-- [ RunTime:0.014288s ]
INFO: [ view_filter ] --START--
INFO: Run Behavior\WriteHtmlCacheBehavior [ RunTime:0.000599s ]
INFO: [ view_filter ] --END-- [ RunTime:0.000745s ]
INFO: [ app_end ] --START--
INFO: Run Behavior\ShowPageTraceBehavior [ RunTime:0.000988s ]
INFO: [ app_end ] --END-- [ RunTime:0.001146s ]

[ 2017-02-08T16:40:42+08:00 ] 127.0.0.1 /myHub/thinkphp-Ajax/
INFO: [ app_init ] --START--
INFO: Run Behavior\BuildLiteBehavior [ RunTime:0.000041s ]
INFO: [ app_init ] --END-- [ RunTime:0.000764s ]
INFO: [ app_begin ] --START--
INFO: Run Behavior\ReadHtmlCacheBehavior [ RunTime:0.001606s ]
INFO: [ app_begin ] --END-- [ RunTime:0.001959s ]
INFO: [ view_parse ] --START--
INFO: [ template_filter ] --START--
INFO: Run Behavior\ContentReplaceBehavior [ RunTime:0.000122s ]
INFO: [ template_filter ] --END-- [ RunTime:0.000344s ]
INFO: Run Behavior\ParseTemplateBehavior [ RunTime:0.016296s ]
INFO: [ view_parse ] --END-- [ RunTime:0.016514s ]
INFO: [ view_filter ] --START--
INFO: Run Behavior\WriteHtmlCacheBehavior [ RunTime:0.001134s ]
INFO: [ view_filter ] --END-- [ RunTime:0.001323s ]
INFO: [ app_end ] --START--
INFO: Run Behavior\ShowPageTraceBehavior [ RunTime:0.001264s ]
INFO: [ app_end ] --END-- [ RunTime:0.001467s ]

[ 2017-02-08T16:40:42+08:00 ] 127.0.0.1 /myHub/thinkphp-Ajax/index.php/Home/Index/index.html
INFO: [ app_init ] --START--
INFO: Run Behavior\BuildLiteBehavior [ RunTime:0.000044s ]
INFO: [ app_init ] --END-- [ RunTime:0.001866s ]
INFO: [ app_begin ] --START--
INFO: Run Behavior\ReadHtmlCacheBehavior [ RunTime:0.001229s ]
INFO: [ app_begin ] --END-- [ RunTime:0.001474s ]
INFO: [ view_parse ] --START--
INFO: [ template_filter ] --START--
INFO: Run Behavior\ContentReplaceBehavior [ RunTime:0.000127s ]
INFO: [ template_filter ] --END-- [ RunTime:0.000314s ]
INFO: Run Behavior\ParseTemplateBehavior [ RunTime:0.016918s ]
INFO: [ view_parse ] --END-- [ RunTime:0.017099s ]
INFO: [ view_filter ] --START--
INFO: Run Behavior\WriteHtmlCacheBehavior [ RunTime:0.000667s ]
INFO: [ view_filter ] --END-- [ RunTime:0.000816s ]
INFO: [ app_end ] --START--
INFO: Run Behavior\ShowPageTraceBehavior [ RunTime:0.001262s ]
INFO: [ app_end ] --END-- [ RunTime:0.001467s ]

[ 2017-02-08T16:47:20+08:00 ] 127.0.0.1 /myHub/thinkphp-Ajax/
INFO: [ app_init ] --START--
INFO: Run Behavior\BuildLiteBehavior [ RunTime:0.000041s ]
INFO: [ app_init ] --END-- [ RunTime:0.000755s ]
INFO: [ app_begin ] --START--
INFO: Run Behavior\ReadHtmlCacheBehavior [ RunTime:0.001553s ]
INFO: [ app_begin ] --END-- [ RunTime:0.001797s ]
INFO: [ view_parse ] --START--
INFO: [ template_filter ] --START--
INFO: Run Behavior\ContentReplaceBehavior [ RunTime:0.000220s ]
INFO: [ template_filter ] --END-- [ RunTime:0.000679s ]
INFO: Run Behavior\ParseTemplateBehavior [ RunTime:0.014841s ]
INFO: [ view_parse ] --END-- [ RunTime:0.015048s ]
INFO: [ view_filter ] --START--
INFO: Run Behavior\WriteHtmlCacheBehavior [ RunTime:0.000595s ]
INFO: [ view_filter ] --END-- [ RunTime:0.000766s ]
INFO: [ app_end ] --START--
INFO: Run Behavior\ShowPageTraceBehavior [ RunTime:0.001024s ]
INFO: [ app_end ] --END-- [ RunTime:0.001204s ]

[ 2017-02-08T16:47:20+08:00 ] 127.0.0.1 /myHub/thinkphp-Ajax/index.php/Home/Index/index.html
INFO: [ app_init ] --START--
INFO: Run Behavior\BuildLiteBehavior [ RunTime:0.000041s ]
INFO: [ app_init ] --END-- [ RunTime:0.000734s ]
INFO: [ app_begin ] --START--
INFO: Run Behavior\ReadHtmlCacheBehavior [ RunTime:0.001164s ]
INFO: [ app_begin ] --END-- [ RunTime:0.001363s ]
INFO: [ view_parse ] --START--
INFO: [ template_filter ] --START--
INFO: Run Behavior\ContentReplaceBehavior [ RunTime:0.000125s ]
INFO: [ template_filter ] --END-- [ RunTime:0.000695s ]
INFO: Run Behavior\ParseTemplateBehavior [ RunTime:0.016345s ]
INFO: [ view_parse ] --END-- [ RunTime:0.016528s ]
INFO: [ view_filter ] --START--
INFO: Run Behavior\WriteHtmlCacheBehavior [ RunTime:0.000707s ]
INFO: [ view_filter ] --END-- [ RunTime:0.000876s ]
INFO: [ app_end ] --START--
INFO: Run Behavior\ShowPageTraceBehavior [ RunTime:0.001614s ]
INFO: [ app_end ] --END-- [ RunTime:0.001925s ]

[ 2017-02-08T17:00:22+08:00 ] 127.0.0.1 /myHub/thinkphp-Ajax/
INFO: [ app_init ] --START--
INFO: Run Behavior\BuildLiteBehavior [ RunTime:0.000047s ]
INFO: [ app_init ] --END-- [ RunTime:0.001740s ]
INFO: [ app_begin ] --START--
INFO: Run Behavior\ReadHtmlCacheBehavior [ RunTime:0.001139s ]
INFO: [ app_begin ] --END-- [ RunTime:0.001363s ]
INFO: [ view_parse ] --START--
INFO: [ template_filter ] --START--
INFO: Run Behavior\ContentReplaceBehavior [ RunTime:0.000119s ]
INFO: [ template_filter ] --END-- [ RunTime:0.000329s ]
INFO: Run Behavior\ParseTemplateBehavior [ RunTime:0.014311s ]
INFO: [ view_parse ] --END-- [ RunTime:0.014516s ]
INFO: [ view_filter ] --START--
INFO: Run Behavior\WriteHtmlCacheBehavior [ RunTime:0.000695s ]
INFO: [ view_filter ] --END-- [ RunTime:0.000867s ]
INFO: [ app_end ] --START--
INFO: Run Behavior\ShowPageTraceBehavior [ RunTime:0.001118s ]
INFO: [ app_end ] --END-- [ RunTime:0.001302s ]

[ 2017-02-08T17:00:22+08:00 ] 127.0.0.1 /myHub/thinkphp-Ajax/index.php/Home/Index/index.html
INFO: [ app_init ] --START--
INFO: Run Behavior\BuildLiteBehavior [ RunTime:0.000044s ]
INFO: [ app_init ] --END-- [ RunTime:0.000802s ]
INFO: [ app_begin ] --START--
INFO: Run Behavior\ReadHtmlCacheBehavior [ RunTime:0.001163s ]
INFO: [ app_begin ] --END-- [ RunTime:0.001370s ]
INFO: [ view_parse ] --START--
INFO: [ template_filter ] --START--
INFO: Run Behavior\ContentReplaceBehavior [ RunTime:0.000122s ]
INFO: [ template_filter ] --END-- [ RunTime:0.000304s ]
INFO: Run Behavior\ParseTemplateBehavior [ RunTime:0.014014s ]
INFO: [ view_parse ] --END-- [ RunTime:0.014195s ]
INFO: [ view_filter ] --START--
INFO: Run Behavior\WriteHtmlCacheBehavior [ RunTime:0.000666s ]
INFO: [ view_filter ] --END-- [ RunTime:0.000812s ]
INFO: [ app_end ] --START--
INFO: Run Behavior\ShowPageTraceBehavior [ RunTime:0.001177s ]
INFO: [ app_end ] --END-- [ RunTime:0.001366s ]

[ 2017-02-08T17:01:59+08:00 ] 127.0.0.1 /myHub/thinkphp-Ajax/
INFO: [ app_init ] --START--
INFO: Run Behavior\BuildLiteBehavior [ RunTime:0.000044s ]
INFO: [ app_init ] --END-- [ RunTime:0.000866s ]
INFO: [ app_begin ] --START--
INFO: Run Behavior\ReadHtmlCacheBehavior [ RunTime:0.001162s ]
INFO: [ app_begin ] --END-- [ RunTime:0.001396s ]
INFO: [ view_parse ] --START--
INFO: [ template_filter ] --START--
INFO: Run Behavior\ContentReplaceBehavior [ RunTime:0.000124s ]
INFO: [ template_filter ] --END-- [ RunTime:0.000341s ]
INFO: Run Behavior\ParseTemplateBehavior [ RunTime:0.014115s ]
INFO: [ view_parse ] --END-- [ RunTime:0.014367s ]
INFO: [ view_filter ] --START--
INFO: Run Behavior\WriteHtmlCacheBehavior [ RunTime:0.000795s ]
INFO: [ view_filter ] --END-- [ RunTime:0.000985s ]
INFO: [ app_end ] --START--
INFO: Run Behavior\ShowPageTraceBehavior [ RunTime:0.001193s ]
INFO: [ app_end ] --END-- [ RunTime:0.001388s ]

[ 2017-02-08T17:02:02+08:00 ] 127.0.0.1 /myHub/thinkphp-Ajax/
INFO: [ app_init ] --START--
INFO: Run Behavior\BuildLiteBehavior [ RunTime:0.000041s ]
INFO: [ app_init ] --END-- [ RunTime:0.000734s ]
INFO: [ app_begin ] --START--
INFO: Run Behavior\ReadHtmlCacheBehavior [ RunTime:0.001061s ]
INFO: [ app_begin ] --END-- [ RunTime:0.001272s ]
INFO: [ view_parse ] --START--
INFO: [ template_filter ] --START--
INFO: Run Behavior\ContentReplaceBehavior [ RunTime:0.000118s ]
INFO: [ template_filter ] --END-- [ RunTime:0.000323s ]
INFO: Run Behavior\ParseTemplateBehavior [ RunTime:0.013359s ]
INFO: [ view_parse ] --END-- [ RunTime:0.013559s ]
INFO: [ view_filter ] --START--
INFO: Run Behavior\WriteHtmlCacheBehavior [ RunTime:0.000651s ]
INFO: [ view_filter ] --END-- [ RunTime:0.000823s ]
INFO: [ app_end ] --START--
INFO: Run Behavior\ShowPageTraceBehavior [ RunTime:0.001161s ]
INFO: [ app_end ] --END-- [ RunTime:0.001349s ]

[ 2017-02-08T17:02:05+08:00 ] 127.0.0.1 /myHub/thinkphp-Ajax/index.php/Home/Index/index.html
INFO: [ app_init ] --START--
INFO: Run Behavior\BuildLiteBehavior [ RunTime:0.000041s ]
INFO: [ app_init ] --END-- [ RunTime:0.000752s ]
INFO: [ app_begin ] --START--
INFO: Run Behavior\ReadHtmlCacheBehavior [ RunTime:0.001179s ]
INFO: [ app_begin ] --END-- [ RunTime:0.001365s ]
INFO: [ view_parse ] --START--
INFO: [ template_filter ] --START--
INFO: Run Behavior\ContentReplaceBehavior [ RunTime:0.000121s ]
INFO: [ template_filter ] --END-- [ RunTime:0.000297s ]
INFO: Run Behavior\ParseTemplateBehavior [ RunTime:0.013099s ]
INFO: [ view_parse ] --END-- [ RunTime:0.013275s ]
INFO: [ view_filter ] --START--
INFO: Run Behavior\WriteHtmlCacheBehavior [ RunTime:0.000649s ]
INFO: [ view_filter ] --END-- [ RunTime:0.000797s ]
INFO: [ app_end ] --START--
INFO: Run Behavior\ShowPageTraceBehavior [ RunTime:0.001090s ]
INFO: [ app_end ] --END-- [ RunTime:0.001250s ]

[ 2017-02-08T17:02:18+08:00 ] 127.0.0.1 /myHub/thinkphp-Ajax/
INFO: [ app_init ] --START--
INFO: Run Behavior\BuildLiteBehavior [ RunTime:0.000047s ]
INFO: [ app_init ] --END-- [ RunTime:0.001105s ]
INFO: [ app_begin ] --START--
INFO: Run Behavior\ReadHtmlCacheBehavior [ RunTime:0.001065s ]
INFO: [ app_begin ] --END-- [ RunTime:0.001275s ]
INFO: [ view_parse ] --START--
INFO: [ template_filter ] --START--
INFO: Run Behavior\ContentReplaceBehavior [ RunTime:0.000123s ]
INFO: [ template_filter ] --END-- [ RunTime:0.000343s ]
INFO: Run Behavior\ParseTemplateBehavior [ RunTime:0.013879s ]
INFO: [ view_parse ] --END-- [ RunTime:0.014080s ]
INFO: [ view_filter ] --START--
INFO: Run Behavior\WriteHtmlCacheBehavior [ RunTime:0.000654s ]
INFO: [ view_filter ] --END-- [ RunTime:0.000828s ]
INFO: [ app_end ] --START--
INFO: Run Behavior\ShowPageTraceBehavior [ RunTime:0.001143s ]
INFO: [ app_end ] --END-- [ RunTime:0.001325s ]

[ 2017-02-08T17:02:20+08:00 ] 127.0.0.1 /myHub/thinkphp-Ajax/index.php/Home/Index/index.html
INFO: [ app_init ] --START--
INFO: Run Behavior\BuildLiteBehavior [ RunTime:0.000043s ]
INFO: [ app_init ] --END-- [ RunTime:0.000824s ]
INFO: [ app_begin ] --START--
INFO: Run Behavior\ReadHtmlCacheBehavior [ RunTime:0.001156s ]
INFO: [ app_begin ] --END-- [ RunTime:0.001367s ]
INFO: [ view_parse ] --START--
INFO: [ template_filter ] --START--
INFO: Run Behavior\ContentReplaceBehavior [ RunTime:0.000123s ]
INFO: [ template_filter ] --END-- [ RunTime:0.000305s ]
INFO: Run Behavior\ParseTemplateBehavior [ RunTime:0.012927s ]
INFO: [ view_parse ] --END-- [ RunTime:0.013107s ]
INFO: [ view_filter ] --START--
INFO: Run Behavior\WriteHtmlCacheBehavior [ RunTime:0.000681s ]
INFO: [ view_filter ] --END-- [ RunTime:0.000839s ]
INFO: [ app_end ] --START--
INFO: Run Behavior\ShowPageTraceBehavior [ RunTime:0.002677s ]
INFO: [ app_end ] --END-- [ RunTime:0.002861s ]

